08:25:45:095 [ALWAYS]	GUDE Logging Started
08:25:45:099 [INFO]	SqliteResumeCache::SqliteResumeCache basedirectory is null/empty
08:25:45:099 [ERROR]	SqliteResumeCache::CreateSqliteResumeCache creating resume cache pointer failure
08:25:45:099 [ERROR]	Initialize resume cache pointer failure
08:25:45:100 [INFO]	gude policy POLICY_USER limit (2,2,1) chunk 2097152, chunking (UL 0 DL 1), resXfer 1, adapt 0, NSURL 0, timeout 86400 
08:25:45:100 [INFO]	Initialized -- gude-lib version: v0.12.1 app: gude
08:25:54:461 [WARN]	Ignoring attempt to reinit logging to \gude at level 4 retaining 3 days of logs
08:25:54:461 [INFO]	SqliteResumeCache::SqliteResumeCache basedirectory is null/empty
08:25:54:461 [ERROR]	SqliteResumeCache::CreateSqliteResumeCache creating resume cache pointer failure
08:25:54:461 [ERROR]	Initialize resume cache pointer failure
08:25:54:461 [INFO]	gude policy POLICY_USER limit (4,4,1) chunk 2097152, chunking (UL 0 DL 1), resXfer 1, adapt 0, NSURL 1, timeout 86400 
08:25:54:461 [INFO]	Initialized -- gude-lib version: v0.12.1 app: gude
13:06:34:274 [ALWAYS]	GUDE Logging Started
13:06:34:279 [INFO]	SqliteResumeCache::SqliteResumeCache basedirectory is null/empty
13:06:34:279 [ERROR]	SqliteResumeCache::CreateSqliteResumeCache creating resume cache pointer failure
13:06:34:279 [ERROR]	Initialize resume cache pointer failure
13:06:34:279 [INFO]	gude policy POLICY_USER limit (2,2,1) chunk 2097152, chunking (UL 0 DL 1), resXfer 1, adapt 0, NSURL 0, timeout 86400 
13:06:34:279 [INFO]	Initialized -- gude-lib version: v0.12.1 app: gude
13:06:44:717 [WARN]	Ignoring attempt to reinit logging to \gude at level 4 retaining 3 days of logs
13:06:44:717 [INFO]	SqliteResumeCache::SqliteResumeCache basedirectory is null/empty
13:06:44:717 [ERROR]	SqliteResumeCache::CreateSqliteResumeCache creating resume cache pointer failure
13:06:44:717 [ERROR]	Initialize resume cache pointer failure
13:06:44:717 [INFO]	gude policy POLICY_USER limit (4,4,1) chunk 2097152, chunking (UL 0 DL 1), resXfer 1, adapt 0, NSURL 1, timeout 86400 
13:06:44:717 [INFO]	Initialized -- gude-lib version: v0.12.1 app: gude
13:09:55:493 [ALWAYS]	GUDE Logging Started
13:09:55:498 [INFO]	SqliteResumeCache::SqliteResumeCache basedirectory is null/empty
13:09:55:498 [ERROR]	SqliteResumeCache::CreateSqliteResumeCache creating resume cache pointer failure
13:09:55:498 [ERROR]	Initialize resume cache pointer failure
13:09:55:498 [INFO]	gude policy POLICY_USER limit (2,2,1) chunk 2097152, chunking (UL 0 DL 1), resXfer 1, adapt 0, NSURL 0, timeout 86400 
13:09:55:498 [INFO]	Initialized -- gude-lib version: v0.12.1 app: gude
13:09:59:054 [WARN]	Ignoring attempt to reinit logging to \gude at level 4 retaining 3 days of logs
13:09:59:054 [INFO]	SqliteResumeCache::SqliteResumeCache basedirectory is null/empty
13:09:59:054 [ERROR]	SqliteResumeCache::CreateSqliteResumeCache creating resume cache pointer failure
13:09:59:054 [ERROR]	Initialize resume cache pointer failure
13:09:59:054 [INFO]	gude policy POLICY_USER limit (4,4,1) chunk 2097152, chunking (UL 0 DL 1), resXfer 1, adapt 0, NSURL 1, timeout 86400 
13:09:59:054 [INFO]	Initialized -- gude-lib version: v0.12.1 app: gude
13:12:38:270 [ALWAYS]	GUDE Logging Started
13:12:38:274 [INFO]	SqliteResumeCache::SqliteResumeCache basedirectory is null/empty
13:12:38:275 [ERROR]	SqliteResumeCache::CreateSqliteResumeCache creating resume cache pointer failure
13:12:38:275 [ERROR]	Initialize resume cache pointer failure
13:12:38:275 [INFO]	gude policy POLICY_USER limit (2,2,1) chunk 2097152, chunking (UL 0 DL 1), resXfer 1, adapt 0, NSURL 0, timeout 86400 
13:12:38:275 [INFO]	Initialized -- gude-lib version: v0.12.1 app: gude
13:12:41:326 [WARN]	Ignoring attempt to reinit logging to \gude at level 4 retaining 3 days of logs
13:12:41:326 [INFO]	SqliteResumeCache::SqliteResumeCache basedirectory is null/empty
13:12:41:326 [ERROR]	SqliteResumeCache::CreateSqliteResumeCache creating resume cache pointer failure
13:12:41:326 [ERROR]	Initialize resume cache pointer failure
13:12:41:327 [INFO]	gude policy POLICY_USER limit (4,4,1) chunk 2097152, chunking (UL 0 DL 1), resXfer 1, adapt 0, NSURL 1, timeout 86400 
13:12:41:327 [INFO]	Initialized -- gude-lib version: v0.12.1 app: gude
